2024-11-09 15:26:13,736 - INFO - Experiment settings: {'name': 'bo_parafac_dim5_rank2_mask0.0_tradeoff0.1_seed0', 'seed': 0, 'dimensions': 5, 'iter_bo': 300, 'storage': 'sqlite:////Users/keisukeonoue/ws/constrained_BO_v2/results/dbs/2024-11-09_15-26-13_bo_parafac_dim5_rank2_mask0.0_tradeoff0.1_seed0.db', 'unique_sampling': False, 'cp_settings': {'rank': 2, 'als_iterations': 100, 'mask_ratio': 0.0, 'random_dist_type': 'uniform'}, 'acqf_settings': {'trade_off_param': 0.1, 'maximize': False}}
[I 2024-11-09 15:26:14,035] A new study created in RDB with name: bo_parafac_dim5_rank2_mask0.0_tradeoff0.1_seed0
2024-11-09 15:26:14,036 - INFO - Created new study 'bo_parafac_dim5_rank2_mask0.0_tradeoff0.1_seed0' in sqlite:////Users/keisukeonoue/ws/constrained_BO_v2/results/dbs/2024-11-09_15-26-13_bo_parafac_dim5_rank2_mask0.0_tradeoff0.1_seed0.db
2024-11-09 15:26:14,051 - INFO - Using sample_independent for sampling.
2024-11-09 15:26:14,054 - INFO - Using sample_independent for sampling.
2024-11-09 15:26:14,056 - INFO - Using sample_independent for sampling.
2024-11-09 15:26:14,057 - INFO - Using sample_independent for sampling.
2024-11-09 15:26:14,058 - INFO - Using sample_independent for sampling.
[I 2024-11-09 15:26:14,067] Trial 0 finished with value: 63.0 and parameters: {'x_0': 0, 'x_1': 5, 'x_2': 3, 'x_3': 5, 'x_4': 2}. Best is trial 0 with value: 63.0.
[I 2024-11-09 15:26:14,139] Trial 1 finished with value: 82.0 and parameters: {'x_0': -5, 'x_1': -3, 'x_2': 4, 'x_3': -4, 'x_4': 4}. Best is trial 0 with value: 63.0.
[I 2024-11-09 15:26:14,274] Trial 2 finished with value: 75.0 and parameters: {'x_0': 5, 'x_1': -3, 'x_2': 4, 'x_3': 3, 'x_4': -4}. Best is trial 0 with value: 63.0.
[I 2024-11-09 15:26:14,440] Trial 3 finished with value: 62.0 and parameters: {'x_0': 4, 'x_1': 5, 'x_2': -4, 'x_3': 2, 'x_4': -1}. Best is trial 3 with value: 62.0.
[I 2024-11-09 15:26:14,569] Trial 4 finished with value: 29.0 and parameters: {'x_0': 0, 'x_1': 0, 'x_2': 0, 'x_3': -2, 'x_4': -5}. Best is trial 4 with value: 29.0.
[I 2024-11-09 15:26:14,849] Trial 5 finished with value: 49.0 and parameters: {'x_0': 4, 'x_1': -1, 'x_2': -4, 'x_3': -4, 'x_4': 0}. Best is trial 4 with value: 29.0.
[I 2024-11-09 15:26:15,132] Trial 6 finished with value: 58.0 and parameters: {'x_0': -4, 'x_1': -2, 'x_2': -5, 'x_3': 3, 'x_4': -2}. Best is trial 4 with value: 29.0.
[I 2024-11-09 15:26:15,416] Trial 7 finished with value: 51.0 and parameters: {'x_0': -1, 'x_1': 4, 'x_2': -3, 'x_3': 0, 'x_4': -5}. Best is trial 4 with value: 29.0.
[I 2024-11-09 15:26:15,726] Trial 8 finished with value: 100.0 and parameters: {'x_0': -5, 'x_1': 5, 'x_2': 3, 'x_3': 4, 'x_4': 5}. Best is trial 4 with value: 29.0.
[I 2024-11-09 15:26:15,961] Trial 9 finished with value: 74.0 and parameters: {'x_0': -2, 'x_1': -2, 'x_2': 5, 'x_3': 5, 'x_4': 4}. Best is trial 4 with value: 29.0.
[I 2024-11-09 15:26:16,327] Trial 10 finished with value: 60.0 and parameters: {'x_0': 5, 'x_1': 3, 'x_2': -1, 'x_3': 0, 'x_4': -5}. Best is trial 4 with value: 29.0.
[I 2024-11-09 15:26:16,601] Trial 11 finished with value: 75.0 and parameters: {'x_0': 5, 'x_1': 0, 'x_2': -5, 'x_3': -5, 'x_4': 0}. Best is trial 4 with value: 29.0.
[I 2024-11-09 15:26:16,878] Trial 12 finished with value: 68.0 and parameters: {'x_0': -5, 'x_1': 5, 'x_2': -1, 'x_3': -4, 'x_4': 1}. Best is trial 4 with value: 29.0.
[I 2024-11-09 15:26:17,098] Trial 13 finished with value: 48.0 and parameters: {'x_0': -5, 'x_1': 3, 'x_2': 1, 'x_3': 3, 'x_4': -2}. Best is trial 4 with value: 29.0.
[I 2024-11-09 15:26:17,500] Trial 14 finished with value: 30.0 and parameters: {'x_0': -3, 'x_1': 2, 'x_2': 4, 'x_3': -1, 'x_4': 0}. Best is trial 4 with value: 29.0.
[I 2024-11-09 15:26:17,690] Trial 15 finished with value: 56.0 and parameters: {'x_0': -2, 'x_1': -5, 'x_2': 5, 'x_3': 1, 'x_4': -1}. Best is trial 4 with value: 29.0.
[I 2024-11-09 15:26:17,913] Trial 16 finished with value: 58.0 and parameters: {'x_0': 3, 'x_1': 2, 'x_2': 5, 'x_3': -4, 'x_4': 2}. Best is trial 4 with value: 29.0.
[I 2024-11-09 15:26:18,119] Trial 17 finished with value: 63.0 and parameters: {'x_0': 2, 'x_1': -3, 'x_2': 4, 'x_3': 3, 'x_4': -5}. Best is trial 4 with value: 29.0.
[I 2024-11-09 15:26:18,705] Trial 18 finished with value: 23.0 and parameters: {'x_0': 0, 'x_1': -1, 'x_2': 2, 'x_3': 3, 'x_4': -3}. Best is trial 18 with value: 23.0.
[I 2024-11-09 15:26:18,949] Trial 19 finished with value: 47.0 and parameters: {'x_0': 4, 'x_1': -5, 'x_2': -2, 'x_3': -1, 'x_4': -1}. Best is trial 18 with value: 23.0.
[I 2024-11-09 15:26:19,119] Trial 20 finished with value: 35.0 and parameters: {'x_0': 2, 'x_1': 2, 'x_2': -5, 'x_3': 1, 'x_4': -1}. Best is trial 18 with value: 23.0.
[I 2024-11-09 15:26:19,383] Trial 21 finished with value: 46.0 and parameters: {'x_0': 2, 'x_1': -4, 'x_2': 3, 'x_3': 1, 'x_4': -4}. Best is trial 18 with value: 23.0.
[I 2024-11-09 15:26:19,534] Trial 22 finished with value: 56.0 and parameters: {'x_0': -5, 'x_1': 1, 'x_2': -5, 'x_3': 2, 'x_4': 1}. Best is trial 18 with value: 23.0.
[I 2024-11-09 15:26:19,932] Trial 23 finished with value: 48.0 and parameters: {'x_0': 5, 'x_1': -2, 'x_2': 3, 'x_3': -1, 'x_4': -3}. Best is trial 18 with value: 23.0.
[I 2024-11-09 15:26:20,306] Trial 24 finished with value: 93.0 and parameters: {'x_0': 5, 'x_1': 3, 'x_2': 3, 'x_3': -5, 'x_4': -5}. Best is trial 18 with value: 23.0.
[I 2024-11-09 15:26:20,445] Trial 25 finished with value: 47.0 and parameters: {'x_0': 1, 'x_1': 1, 'x_2': -5, 'x_3': 2, 'x_4': -4}. Best is trial 18 with value: 23.0.
[I 2024-11-09 15:26:20,611] Trial 26 finished with value: 27.0 and parameters: {'x_0': 1, 'x_1': 1, 'x_2': -3, 'x_3': 0, 'x_4': -4}. Best is trial 18 with value: 23.0.
[I 2024-11-09 15:26:20,832] Trial 27 finished with value: 83.0 and parameters: {'x_0': 5, 'x_1': 5, 'x_2': -5, 'x_3': 2, 'x_4': 2}. Best is trial 18 with value: 23.0.
[I 2024-11-09 15:26:21,170] Trial 28 finished with value: 88.0 and parameters: {'x_0': 5, 'x_1': 3, 'x_2': -2, 'x_3': 5, 'x_4': 5}. Best is trial 18 with value: 23.0.
[I 2024-11-09 15:26:21,386] Trial 29 finished with value: 39.0 and parameters: {'x_0': 1, 'x_1': -3, 'x_2': 2, 'x_3': 4, 'x_4': -3}. Best is trial 18 with value: 23.0.
[I 2024-11-09 15:26:21,723] Trial 30 finished with value: 79.0 and parameters: {'x_0': 3, 'x_1': 4, 'x_2': 2, 'x_3': -5, 'x_4': -5}. Best is trial 18 with value: 23.0.
[I 2024-11-09 15:26:22,029] Trial 31 finished with value: 43.0 and parameters: {'x_0': -1, 'x_1': 4, 'x_2': -1, 'x_3': 4, 'x_4': -3}. Best is trial 18 with value: 23.0.
[I 2024-11-09 15:26:22,286] Trial 32 finished with value: 39.0 and parameters: {'x_0': -2, 'x_1': -3, 'x_2': 3, 'x_3': -1, 'x_4': -4}. Best is trial 18 with value: 23.0.
[I 2024-11-09 15:26:22,534] Trial 33 finished with value: 60.0 and parameters: {'x_0': -3, 'x_1': -3, 'x_2': 1, 'x_3': -5, 'x_4': 4}. Best is trial 18 with value: 23.0.
[I 2024-11-09 15:26:22,738] Trial 34 finished with value: 46.0 and parameters: {'x_0': 2, 'x_1': 2, 'x_2': -3, 'x_3': -5, 'x_4': -2}. Best is trial 18 with value: 23.0.
[I 2024-11-09 15:26:22,984] Trial 35 finished with value: 109.0 and parameters: {'x_0': -3, 'x_1': -5, 'x_2': 5, 'x_3': 5, 'x_4': -5}. Best is trial 18 with value: 23.0.
[I 2024-11-09 15:26:23,297] Trial 36 finished with value: 35.0 and parameters: {'x_0': -1, 'x_1': 5, 'x_2': -1, 'x_3': 2, 'x_4': -2}. Best is trial 18 with value: 23.0.
[I 2024-11-09 15:26:23,560] Trial 37 finished with value: 28.0 and parameters: {'x_0': -5, 'x_1': 0, 'x_2': -1, 'x_3': -1, 'x_4': 1}. Best is trial 18 with value: 23.0.
[I 2024-11-09 15:26:23,772] Trial 38 finished with value: 65.0 and parameters: {'x_0': -4, 'x_1': 2, 'x_2': 2, 'x_3': 4, 'x_4': -5}. Best is trial 18 with value: 23.0.
[I 2024-11-09 15:26:24,210] Trial 39 finished with value: 35.0 and parameters: {'x_0': 3, 'x_1': 3, 'x_2': 3, 'x_3': 2, 'x_4': 2}. Best is trial 18 with value: 23.0.
[I 2024-11-09 15:26:24,438] Trial 40 finished with value: 58.0 and parameters: {'x_0': -2, 'x_1': -2, 'x_2': 5, 'x_3': 4, 'x_4': 3}. Best is trial 18 with value: 23.0.
[I 2024-11-09 15:26:24,851] Trial 41 finished with value: 75.0 and parameters: {'x_0': 3, 'x_1': -4, 'x_2': 5, 'x_3': 3, 'x_4': 4}. Best is trial 18 with value: 23.0.
[I 2024-11-09 15:26:25,116] Trial 42 finished with value: 42.0 and parameters: {'x_0': 4, 'x_1': 3, 'x_2': 0, 'x_3': -4, 'x_4': 1}. Best is trial 18 with value: 23.0.
[I 2024-11-09 15:26:25,601] Trial 43 finished with value: 61.0 and parameters: {'x_0': 3, 'x_1': 3, 'x_2': 5, 'x_3': 3, 'x_4': -3}. Best is trial 18 with value: 23.0.
[I 2024-11-09 15:26:25,933] Trial 44 finished with value: 55.0 and parameters: {'x_0': 2, 'x_1': 1, 'x_2': -3, 'x_3': -5, 'x_4': -4}. Best is trial 18 with value: 23.0.
[I 2024-11-09 15:26:26,333] Trial 45 finished with value: 86.0 and parameters: {'x_0': 5, 'x_1': 2, 'x_2': 4, 'x_3': 5, 'x_4': -4}. Best is trial 18 with value: 23.0.
[I 2024-11-09 15:26:26,488] Trial 46 finished with value: 27.0 and parameters: {'x_0': 2, 'x_1': -3, 'x_2': -3, 'x_3': -1, 'x_4': 2}. Best is trial 18 with value: 23.0.
[I 2024-11-09 15:26:26,857] Trial 47 finished with value: 74.0 and parameters: {'x_0': 2, 'x_1': -5, 'x_2': -5, 'x_3': -2, 'x_4': -4}. Best is trial 18 with value: 23.0.
[I 2024-11-09 15:26:27,421] Trial 48 finished with value: 34.0 and parameters: {'x_0': 4, 'x_1': -2, 'x_2': 2, 'x_3': 3, 'x_4': -1}. Best is trial 18 with value: 23.0.
[I 2024-11-09 15:26:27,647] Trial 49 finished with value: 55.0 and parameters: {'x_0': -1, 'x_1': 2, 'x_2': -3, 'x_3': -5, 'x_4': -4}. Best is trial 18 with value: 23.0.
[I 2024-11-09 15:26:28,063] Trial 50 finished with value: 52.0 and parameters: {'x_0': 5, 'x_1': 1, 'x_2': -5, 'x_3': 1, 'x_4': 0}. Best is trial 18 with value: 23.0.
[I 2024-11-09 15:26:28,375] Trial 51 finished with value: 40.0 and parameters: {'x_0': 3, 'x_1': 5, 'x_2': -1, 'x_3': 1, 'x_4': -2}. Best is trial 18 with value: 23.0.
[I 2024-11-09 15:26:28,718] Trial 52 finished with value: 36.0 and parameters: {'x_0': 0, 'x_1': -4, 'x_2': 0, 'x_3': -4, 'x_4': -2}. Best is trial 18 with value: 23.0.
[I 2024-11-09 15:26:29,020] Trial 53 finished with value: 79.0 and parameters: {'x_0': -3, 'x_1': -5, 'x_2': 2, 'x_3': -5, 'x_4': -4}. Best is trial 18 with value: 23.0.
[I 2024-11-09 15:26:29,239] Trial 54 finished with value: 39.0 and parameters: {'x_0': 4, 'x_1': -2, 'x_2': 3, 'x_3': 3, 'x_4': -1}. Best is trial 18 with value: 23.0.
[I 2024-11-09 15:26:29,458] Trial 55 finished with value: 74.0 and parameters: {'x_0': 5, 'x_1': -2, 'x_2': -5, 'x_3': 2, 'x_4': -4}. Best is trial 18 with value: 23.0.
[I 2024-11-09 15:26:29,774] Trial 56 finished with value: 74.0 and parameters: {'x_0': 5, 'x_1': 5, 'x_2': 2, 'x_3': 4, 'x_4': 2}. Best is trial 18 with value: 23.0.
[I 2024-11-09 15:26:30,038] Trial 57 finished with value: 45.0 and parameters: {'x_0': -2, 'x_1': 0, 'x_2': -5, 'x_3': 0, 'x_4': 4}. Best is trial 18 with value: 23.0.
[I 2024-11-09 15:26:30,404] Trial 58 finished with value: 38.0 and parameters: {'x_0': 1, 'x_1': -2, 'x_2': 4, 'x_3': 1, 'x_4': -4}. Best is trial 18 with value: 23.0.
[I 2024-11-09 15:26:30,680] Trial 59 finished with value: 77.0 and parameters: {'x_0': -4, 'x_1': -4, 'x_2': -2, 'x_3': -4, 'x_4': -5}. Best is trial 18 with value: 23.0.
[I 2024-11-09 15:26:30,993] Trial 60 finished with value: 74.0 and parameters: {'x_0': 5, 'x_1': -4, 'x_2': -4, 'x_3': -4, 'x_4': -1}. Best is trial 18 with value: 23.0.
[I 2024-11-09 15:26:31,150] Trial 61 finished with value: 49.0 and parameters: {'x_0': -2, 'x_1': 3, 'x_2': -2, 'x_3': -4, 'x_4': -4}. Best is trial 18 with value: 23.0.
[I 2024-11-09 15:26:31,532] Trial 62 finished with value: 52.0 and parameters: {'x_0': 5, 'x_1': 3, 'x_2': 1, 'x_3': 1, 'x_4': 4}. Best is trial 18 with value: 23.0.
[I 2024-11-09 15:26:31,797] Trial 63 finished with value: 58.0 and parameters: {'x_0': 3, 'x_1': -5, 'x_2': 2, 'x_3': 2, 'x_4': 4}. Best is trial 18 with value: 23.0.
[I 2024-11-09 15:26:32,086] Trial 64 finished with value: 79.0 and parameters: {'x_0': -4, 'x_1': -2, 'x_2': -3, 'x_3': 5, 'x_4': 5}. Best is trial 18 with value: 23.0.
[I 2024-11-09 15:26:32,624] Trial 65 finished with value: 34.0 and parameters: {'x_0': 2, 'x_1': -3, 'x_2': 2, 'x_3': -4, 'x_4': -1}. Best is trial 18 with value: 23.0.
[I 2024-11-09 15:26:32,978] Trial 66 finished with value: 30.0 and parameters: {'x_0': 1, 'x_1': 0, 'x_2': 3, 'x_3': 4, 'x_4': -2}. Best is trial 18 with value: 23.0.
[I 2024-11-09 15:26:33,377] Trial 67 finished with value: 45.0 and parameters: {'x_0': -1, 'x_1': 3, 'x_2': -3, 'x_3': 1, 'x_4': -5}. Best is trial 18 with value: 23.0.
[I 2024-11-09 15:26:33,895] Trial 68 finished with value: 46.0 and parameters: {'x_0': 2, 'x_1': -1, 'x_2': 0, 'x_3': 5, 'x_4': 4}. Best is trial 18 with value: 23.0.
[I 2024-11-09 15:26:34,154] Trial 69 finished with value: 75.0 and parameters: {'x_0': 3, 'x_1': -4, 'x_2': -4, 'x_3': 5, 'x_4': -3}. Best is trial 18 with value: 23.0.
[I 2024-11-09 15:26:34,493] Trial 70 finished with value: 39.0 and parameters: {'x_0': -3, 'x_1': -3, 'x_2': -4, 'x_3': 1, 'x_4': -2}. Best is trial 18 with value: 23.0.
[I 2024-11-09 15:26:34,793] Trial 71 finished with value: 65.0 and parameters: {'x_0': 4, 'x_1': 4, 'x_2': 4, 'x_3': -1, 'x_4': 4}. Best is trial 18 with value: 23.0.
[I 2024-11-09 15:26:35,007] Trial 72 finished with value: 47.0 and parameters: {'x_0': -2, 'x_1': 0, 'x_2': -5, 'x_3': -3, 'x_4': 3}. Best is trial 18 with value: 23.0.
[I 2024-11-09 15:26:35,404] Trial 73 finished with value: 47.0 and parameters: {'x_0': 2, 'x_1': 1, 'x_2': -1, 'x_3': -5, 'x_4': 4}. Best is trial 18 with value: 23.0.
[I 2024-11-09 15:26:35,883] Trial 74 finished with value: 67.0 and parameters: {'x_0': -1, 'x_1': 3, 'x_2': -4, 'x_3': 5, 'x_4': -4}. Best is trial 18 with value: 23.0.
[I 2024-11-09 15:26:36,302] Trial 75 finished with value: 60.0 and parameters: {'x_0': 0, 'x_1': 1, 'x_2': -5, 'x_3': 3, 'x_4': 5}. Best is trial 18 with value: 23.0.
[I 2024-11-09 15:26:36,843] Trial 76 finished with value: 39.0 and parameters: {'x_0': 1, 'x_1': -2, 'x_2': -5, 'x_3': 0, 'x_4': -3}. Best is trial 18 with value: 23.0.
[I 2024-11-09 15:26:37,195] Trial 77 finished with value: 60.0 and parameters: {'x_0': 5, 'x_1': -3, 'x_2': 0, 'x_3': 1, 'x_4': 5}. Best is trial 18 with value: 23.0.
[I 2024-11-09 15:26:37,760] Trial 78 finished with value: 39.0 and parameters: {'x_0': 5, 'x_1': 0, 'x_2': 1, 'x_3': -2, 'x_4': -3}. Best is trial 18 with value: 23.0.
[I 2024-11-09 15:26:38,140] Trial 79 finished with value: 67.0 and parameters: {'x_0': 3, 'x_1': 4, 'x_2': 4, 'x_3': -5, 'x_4': -1}. Best is trial 18 with value: 23.0.
[I 2024-11-09 15:26:38,560] Trial 80 finished with value: 63.0 and parameters: {'x_0': -2, 'x_1': 5, 'x_2': -3, 'x_3': 4, 'x_4': -3}. Best is trial 18 with value: 23.0.
[I 2024-11-09 15:26:38,816] Trial 81 finished with value: 33.0 and parameters: {'x_0': -2, 'x_1': -2, 'x_2': 0, 'x_3': -3, 'x_4': -4}. Best is trial 18 with value: 23.0.
[I 2024-11-09 15:26:39,050] Trial 82 finished with value: 31.0 and parameters: {'x_0': 5, 'x_1': -1, 'x_2': -1, 'x_3': -2, 'x_4': 0}. Best is trial 18 with value: 23.0.
[I 2024-11-09 15:26:39,331] Trial 83 finished with value: 39.0 and parameters: {'x_0': 2, 'x_1': 1, 'x_2': -3, 'x_3': 4, 'x_4': -3}. Best is trial 18 with value: 23.0.
[I 2024-11-09 15:26:39,588] Trial 84 finished with value: 76.0 and parameters: {'x_0': -5, 'x_1': -5, 'x_2': -4, 'x_3': 1, 'x_4': 3}. Best is trial 18 with value: 23.0.
[I 2024-11-09 15:26:39,905] Trial 85 finished with value: 45.0 and parameters: {'x_0': -5, 'x_1': 0, 'x_2': -4, 'x_3': 0, 'x_4': -2}. Best is trial 18 with value: 23.0.
[I 2024-11-09 15:26:40,292] Trial 86 finished with value: 43.0 and parameters: {'x_0': -5, 'x_1': -2, 'x_2': -1, 'x_3': 2, 'x_4': -3}. Best is trial 18 with value: 23.0.
[I 2024-11-09 15:26:40,528] Trial 87 finished with value: 61.0 and parameters: {'x_0': 5, 'x_1': -5, 'x_2': -1, 'x_3': 3, 'x_4': -1}. Best is trial 18 with value: 23.0.
[I 2024-11-09 15:26:40,879] Trial 88 finished with value: 38.0 and parameters: {'x_0': -4, 'x_1': -3, 'x_2': -3, 'x_3': 0, 'x_4': -2}. Best is trial 18 with value: 23.0.
[I 2024-11-09 15:26:41,133] Trial 89 finished with value: 63.0 and parameters: {'x_0': 2, 'x_1': 5, 'x_2': 3, 'x_3': -5, 'x_4': 0}. Best is trial 18 with value: 23.0.
[I 2024-11-09 15:26:41,418] Trial 90 finished with value: 38.0 and parameters: {'x_0': 2, 'x_1': -4, 'x_2': 4, 'x_3': -1, 'x_4': 1}. Best is trial 18 with value: 23.0.
[I 2024-11-09 15:26:41,714] Trial 91 finished with value: 52.0 and parameters: {'x_0': -1, 'x_1': -1, 'x_2': -3, 'x_3': -5, 'x_4': 4}. Best is trial 18 with value: 23.0.
[I 2024-11-09 15:26:42,077] Trial 92 finished with value: 52.0 and parameters: {'x_0': -5, 'x_1': -1, 'x_2': -4, 'x_3': 3, 'x_4': 1}. Best is trial 18 with value: 23.0.
[I 2024-11-09 15:26:42,479] Trial 93 finished with value: 42.0 and parameters: {'x_0': 0, 'x_1': 4, 'x_2': -5, 'x_3': -1, 'x_4': 0}. Best is trial 18 with value: 23.0.
[I 2024-11-09 15:26:42,715] Trial 94 finished with value: 65.0 and parameters: {'x_0': 5, 'x_1': 4, 'x_2': -4, 'x_3': 2, 'x_4': 2}. Best is trial 18 with value: 23.0.
[I 2024-11-09 15:26:42,884] Trial 95 finished with value: 45.0 and parameters: {'x_0': -3, 'x_1': 1, 'x_2': 3, 'x_3': 5, 'x_4': -1}. Best is trial 18 with value: 23.0.
[I 2024-11-09 15:26:43,142] Trial 96 finished with value: 42.0 and parameters: {'x_0': 2, 'x_1': -5, 'x_2': 2, 'x_3': 0, 'x_4': 3}. Best is trial 18 with value: 23.0.
[I 2024-11-09 15:26:43,793] Trial 97 finished with value: 14.0 and parameters: {'x_0': 0, 'x_1': 0, 'x_2': -1, 'x_3': -3, 'x_4': 2}. Best is trial 97 with value: 14.0.
[I 2024-11-09 15:26:44,000] Trial 98 finished with value: 43.0 and parameters: {'x_0': -4, 'x_1': 3, 'x_2': 4, 'x_3': -1, 'x_4': 1}. Best is trial 97 with value: 14.0.
[I 2024-11-09 15:26:44,309] Trial 99 finished with value: 76.0 and parameters: {'x_0': 3, 'x_1': 5, 'x_2': -4, 'x_3': -1, 'x_4': 5}. Best is trial 97 with value: 14.0.
[I 2024-11-09 15:26:44,470] Trial 100 finished with value: 86.0 and parameters: {'x_0': -4, 'x_1': 2, 'x_2': 5, 'x_3': -4, 'x_4': 5}. Best is trial 97 with value: 14.0.
[I 2024-11-09 15:26:44,856] Trial 101 finished with value: 36.0 and parameters: {'x_0': 3, 'x_1': -5, 'x_2': 1, 'x_3': -1, 'x_4': 0}. Best is trial 97 with value: 14.0.
[I 2024-11-09 15:26:45,195] Trial 102 finished with value: 14.0 and parameters: {'x_0': 3, 'x_1': 0, 'x_2': 2, 'x_3': 0, 'x_4': 1}. Best is trial 97 with value: 14.0.
[I 2024-11-09 15:26:45,507] Trial 103 finished with value: 39.0 and parameters: {'x_0': 1, 'x_1': 3, 'x_2': -4, 'x_3': 2, 'x_4': -3}. Best is trial 97 with value: 14.0.
[I 2024-11-09 15:26:45,867] Trial 104 finished with value: 20.0 and parameters: {'x_0': -3, 'x_1': -1, 'x_2': 0, 'x_3': 1, 'x_4': 3}. Best is trial 97 with value: 14.0.
[I 2024-11-09 15:26:46,160] Trial 105 finished with value: 43.0 and parameters: {'x_0': -1, 'x_1': 2, 'x_2': 3, 'x_3': 5, 'x_4': 2}. Best is trial 97 with value: 14.0.
[I 2024-11-09 15:26:46,407] Trial 106 finished with value: 79.0 and parameters: {'x_0': -4, 'x_1': 5, 'x_2': -3, 'x_3': 5, 'x_4': 2}. Best is trial 97 with value: 14.0.
[I 2024-11-09 15:26:46,741] Trial 107 finished with value: 38.0 and parameters: {'x_0': 0, 'x_1': -3, 'x_2': 2, 'x_3': 5, 'x_4': 0}. Best is trial 97 with value: 14.0.
[I 2024-11-09 15:26:46,927] Trial 108 finished with value: 92.0 and parameters: {'x_0': -5, 'x_1': 1, 'x_2': -4, 'x_3': 5, 'x_4': -5}. Best is trial 97 with value: 14.0.
[I 2024-11-09 15:26:47,332] Trial 109 finished with value: 40.0 and parameters: {'x_0': 5, 'x_1': -1, 'x_2': 2, 'x_3': -1, 'x_4': 3}. Best is trial 97 with value: 14.0.
[I 2024-11-09 15:26:47,586] Trial 110 finished with value: 62.0 and parameters: {'x_0': -2, 'x_1': -2, 'x_2': -2, 'x_3': -5, 'x_4': 5}. Best is trial 97 with value: 14.0.
[I 2024-11-09 15:26:47,909] Trial 111 finished with value: 34.0 and parameters: {'x_0': -2, 'x_1': 1, 'x_2': 2, 'x_3': 4, 'x_4': 3}. Best is trial 97 with value: 14.0.
[I 2024-11-09 15:26:48,384] Trial 112 finished with value: 37.0 and parameters: {'x_0': 2, 'x_1': 4, 'x_2': -2, 'x_3': 3, 'x_4': 2}. Best is trial 97 with value: 14.0.
[I 2024-11-09 15:26:48,720] Trial 113 finished with value: 27.0 and parameters: {'x_0': 0, 'x_1': -3, 'x_2': 3, 'x_3': 3, 'x_4': 0}. Best is trial 97 with value: 14.0.
[I 2024-11-09 15:26:48,988] Trial 114 finished with value: 66.0 and parameters: {'x_0': 3, 'x_1': -4, 'x_2': -4, 'x_3': 3, 'x_4': -4}. Best is trial 97 with value: 14.0.
[I 2024-11-09 15:26:49,304] Trial 115 finished with value: 68.0 and parameters: {'x_0': -3, 'x_1': 3, 'x_2': -3, 'x_3': -5, 'x_4': -4}. Best is trial 97 with value: 14.0.
[I 2024-11-09 15:26:49,940] Trial 116 finished with value: 91.0 and parameters: {'x_0': 4, 'x_1': 5, 'x_2': 4, 'x_3': 5, 'x_4': 3}. Best is trial 97 with value: 14.0.
[I 2024-11-09 15:26:50,202] Trial 117 finished with value: 29.0 and parameters: {'x_0': -2, 'x_1': -1, 'x_2': 2, 'x_3': 2, 'x_4': 4}. Best is trial 97 with value: 14.0.
[I 2024-11-09 15:26:50,418] Trial 118 finished with value: 35.0 and parameters: {'x_0': -1, 'x_1': 2, 'x_2': 2, 'x_3': -5, 'x_4': 1}. Best is trial 97 with value: 14.0.
[I 2024-11-09 15:26:50,775] Trial 119 finished with value: 91.0 and parameters: {'x_0': 5, 'x_1': -4, 'x_2': -5, 'x_3': -4, 'x_4': -3}. Best is trial 97 with value: 14.0.
[I 2024-11-09 15:26:51,147] Trial 120 finished with value: 31.0 and parameters: {'x_0': 4, 'x_1': -2, 'x_2': 1, 'x_3': -3, 'x_4': 1}. Best is trial 97 with value: 14.0.
[I 2024-11-09 15:26:51,673] Trial 121 finished with value: 55.0 and parameters: {'x_0': -5, 'x_1': -3, 'x_2': -2, 'x_3': 4, 'x_4': -1}. Best is trial 97 with value: 14.0.
[I 2024-11-09 15:26:52,137] Trial 122 finished with value: 60.0 and parameters: {'x_0': 0, 'x_1': -1, 'x_2': 5, 'x_3': -5, 'x_4': -3}. Best is trial 97 with value: 14.0.
[I 2024-11-09 15:26:52,540] Trial 123 finished with value: 35.0 and parameters: {'x_0': 3, 'x_1': 3, 'x_2': 2, 'x_3': 2, 'x_4': 3}. Best is trial 97 with value: 14.0.
[I 2024-11-09 15:26:52,725] Trial 124 finished with value: 34.0 and parameters: {'x_0': -3, 'x_1': -4, 'x_2': -3, 'x_3': 0, 'x_4': 0}. Best is trial 97 with value: 14.0.
[I 2024-11-09 15:26:53,017] Trial 125 finished with value: 43.0 and parameters: {'x_0': -2, 'x_1': -1, 'x_2': -3, 'x_3': 5, 'x_4': 2}. Best is trial 97 with value: 14.0.
[I 2024-11-09 15:26:53,352] Trial 126 finished with value: 52.0 and parameters: {'x_0': 5, 'x_1': -1, 'x_2': 1, 'x_3': 0, 'x_4': 5}. Best is trial 97 with value: 14.0.
[I 2024-11-09 15:26:53,819] Trial 127 finished with value: 35.0 and parameters: {'x_0': 1, 'x_1': 5, 'x_2': 3, 'x_3': 0, 'x_4': 0}. Best is trial 97 with value: 14.0.
[I 2024-11-09 15:26:54,268] Trial 128 finished with value: 27.0 and parameters: {'x_0': -4, 'x_1': 1, 'x_2': 0, 'x_3': -3, 'x_4': -1}. Best is trial 97 with value: 14.0.
[I 2024-11-09 15:26:54,532] Trial 129 finished with value: 44.0 and parameters: {'x_0': 4, 'x_1': 2, 'x_2': -2, 'x_3': -4, 'x_4': -2}. Best is trial 97 with value: 14.0.
[I 2024-11-09 15:26:55,077] Trial 130 finished with value: 93.0 and parameters: {'x_0': -3, 'x_1': 5, 'x_2': -3, 'x_3': -5, 'x_4': -5}. Best is trial 97 with value: 14.0.
[I 2024-11-09 15:26:55,299] Trial 131 finished with value: 70.0 and parameters: {'x_0': -2, 'x_1': 4, 'x_2': -5, 'x_3': 4, 'x_4': -3}. Best is trial 97 with value: 14.0.
[I 2024-11-09 15:26:55,741] Trial 132 finished with value: 43.0 and parameters: {'x_0': -2, 'x_1': 5, 'x_2': -2, 'x_3': 1, 'x_4': -3}. Best is trial 97 with value: 14.0.
[I 2024-11-09 15:26:55,987] Trial 133 finished with value: 43.0 and parameters: {'x_0': -5, 'x_1': 0, 'x_2': -4, 'x_3': 1, 'x_4': 1}. Best is trial 97 with value: 14.0.
[I 2024-11-09 15:26:56,267] Trial 134 finished with value: 33.0 and parameters: {'x_0': 0, 'x_1': 4, 'x_2': 0, 'x_3': -4, 'x_4': 1}. Best is trial 97 with value: 14.0.
[I 2024-11-09 15:26:56,773] Trial 135 finished with value: 24.0 and parameters: {'x_0': 2, 'x_1': -1, 'x_2': 1, 'x_3': -3, 'x_4': 3}. Best is trial 97 with value: 14.0.
[I 2024-11-09 15:26:56,981] Trial 136 finished with value: 56.0 and parameters: {'x_0': 5, 'x_1': 2, 'x_2': 1, 'x_3': -1, 'x_4': -5}. Best is trial 97 with value: 14.0.
[I 2024-11-09 15:26:57,223] Trial 137 finished with value: 38.0 and parameters: {'x_0': 3, 'x_1': -4, 'x_2': 0, 'x_3': 2, 'x_4': -3}. Best is trial 97 with value: 14.0.
[I 2024-11-09 15:26:57,484] Trial 138 finished with value: 51.0 and parameters: {'x_0': 1, 'x_1': 5, 'x_2': 0, 'x_3': 4, 'x_4': 3}. Best is trial 97 with value: 14.0.
[I 2024-11-09 15:26:57,725] Trial 139 finished with value: 95.0 and parameters: {'x_0': 2, 'x_1': 4, 'x_2': -5, 'x_3': -5, 'x_4': 5}. Best is trial 97 with value: 14.0.
[I 2024-11-09 15:26:58,206] Trial 140 finished with value: 27.0 and parameters: {'x_0': 2, 'x_1': -1, 'x_2': -3, 'x_3': -2, 'x_4': 3}. Best is trial 97 with value: 14.0.
[I 2024-11-09 15:26:58,444] Trial 141 finished with value: 49.0 and parameters: {'x_0': -4, 'x_1': -4, 'x_2': -1, 'x_3': 0, 'x_4': -4}. Best is trial 97 with value: 14.0.
[I 2024-11-09 15:26:58,654] Trial 142 finished with value: 42.0 and parameters: {'x_0': -2, 'x_1': -3, 'x_2': -3, 'x_3': 4, 'x_4': 2}. Best is trial 97 with value: 14.0.
[I 2024-11-09 15:26:59,095] Trial 143 finished with value: 58.0 and parameters: {'x_0': -1, 'x_1': -5, 'x_2': 0, 'x_3': -4, 'x_4': 4}. Best is trial 97 with value: 14.0.
[I 2024-11-09 15:26:59,445] Trial 144 finished with value: 21.0 and parameters: {'x_0': 2, 'x_1': 3, 'x_2': 2, 'x_3': 2, 'x_4': 0}. Best is trial 97 with value: 14.0.
[I 2024-11-09 15:27:00,014] Trial 145 finished with value: 58.0 and parameters: {'x_0': -4, 'x_1': -3, 'x_2': 5, 'x_3': 2, 'x_4': 2}. Best is trial 97 with value: 14.0.
[I 2024-11-09 15:27:00,300] Trial 146 finished with value: 64.0 and parameters: {'x_0': -5, 'x_1': 2, 'x_2': 3, 'x_3': 1, 'x_4': 5}. Best is trial 97 with value: 14.0.
[I 2024-11-09 15:27:00,819] Trial 147 finished with value: 59.0 and parameters: {'x_0': -5, 'x_1': -3, 'x_2': 4, 'x_3': 3, 'x_4': 0}. Best is trial 97 with value: 14.0.
[I 2024-11-09 15:27:01,112] Trial 148 finished with value: 62.0 and parameters: {'x_0': 4, 'x_1': -1, 'x_2': 2, 'x_3': 5, 'x_4': -4}. Best is trial 97 with value: 14.0.
[I 2024-11-09 15:27:01,546] Trial 149 finished with value: 83.0 and parameters: {'x_0': 1, 'x_1': -4, 'x_2': 5, 'x_3': -4, 'x_4': -5}. Best is trial 97 with value: 14.0.
[I 2024-11-09 15:27:01,920] Trial 150 finished with value: 40.0 and parameters: {'x_0': 3, 'x_1': -5, 'x_2': -1, 'x_3': -1, 'x_4': 2}. Best is trial 97 with value: 14.0.
[I 2024-11-09 15:27:02,270] Trial 151 finished with value: 48.0 and parameters: {'x_0': -3, 'x_1': 3, 'x_2': -5, 'x_3': 2, 'x_4': -1}. Best is trial 97 with value: 14.0.
[I 2024-11-09 15:27:02,686] Trial 152 finished with value: 51.0 and parameters: {'x_0': -5, 'x_1': -4, 'x_2': -1, 'x_3': -3, 'x_4': 0}. Best is trial 97 with value: 14.0.
[I 2024-11-09 15:27:03,161] Trial 153 finished with value: 32.0 and parameters: {'x_0': 1, 'x_1': -1, 'x_2': -1, 'x_3': 5, 'x_4': -2}. Best is trial 97 with value: 14.0.
[I 2024-11-09 15:27:03,372] Trial 154 finished with value: 59.0 and parameters: {'x_0': 1, 'x_1': -1, 'x_2': 5, 'x_3': -4, 'x_4': 4}. Best is trial 97 with value: 14.0.
[I 2024-11-09 15:27:03,878] Trial 155 finished with value: 49.0 and parameters: {'x_0': 4, 'x_1': 3, 'x_2': -4, 'x_3': 2, 'x_4': 2}. Best is trial 97 with value: 14.0.
[I 2024-11-09 15:27:04,330] Trial 156 finished with value: 17.0 and parameters: {'x_0': -1, 'x_1': 0, 'x_2': 0, 'x_3': 0, 'x_4': -4}. Best is trial 97 with value: 14.0.
[I 2024-11-09 15:27:04,724] Trial 157 finished with value: 58.0 and parameters: {'x_0': 2, 'x_1': -4, 'x_2': -2, 'x_3': 3, 'x_4': -5}. Best is trial 97 with value: 14.0.
[I 2024-11-09 15:27:05,169] Trial 158 finished with value: 61.0 and parameters: {'x_0': -4, 'x_1': -4, 'x_2': -4, 'x_3': -2, 'x_4': -3}. Best is trial 97 with value: 14.0.
[I 2024-11-09 15:27:05,533] Trial 159 finished with value: 84.0 and parameters: {'x_0': 5, 'x_1': 3, 'x_2': -3, 'x_3': 5, 'x_4': 4}. Best is trial 97 with value: 14.0.
[I 2024-11-09 15:27:06,110] Trial 160 finished with value: 91.0 and parameters: {'x_0': 4, 'x_1': -5, 'x_2': -5, 'x_3': 3, 'x_4': 4}. Best is trial 97 with value: 14.0.
[I 2024-11-09 15:27:06,477] Trial 161 finished with value: 70.0 and parameters: {'x_0': -4, 'x_1': 5, 'x_2': 5, 'x_3': 0, 'x_4': 2}. Best is trial 97 with value: 14.0.
[I 2024-11-09 15:27:07,226] Trial 162 finished with value: 43.0 and parameters: {'x_0': 1, 'x_1': -4, 'x_2': 0, 'x_3': -1, 'x_4': -5}. Best is trial 97 with value: 14.0.
[I 2024-11-09 15:27:07,820] Trial 163 finished with value: 60.0 and parameters: {'x_0': -5, 'x_1': -3, 'x_2': 0, 'x_3': 1, 'x_4': -5}. Best is trial 97 with value: 14.0.
[I 2024-11-09 15:27:08,147] Trial 164 finished with value: 53.0 and parameters: {'x_0': -5, 'x_1': 2, 'x_2': 2, 'x_3': -4, 'x_4': -2}. Best is trial 97 with value: 14.0.
[I 2024-11-09 15:27:08,535] Trial 165 finished with value: 49.0 and parameters: {'x_0': -3, 'x_1': 4, 'x_2': 2, 'x_3': -2, 'x_4': 4}. Best is trial 97 with value: 14.0.
[I 2024-11-09 15:27:08,925] Trial 166 finished with value: 49.0 and parameters: {'x_0': 0, 'x_1': 2, 'x_2': -2, 'x_3': 5, 'x_4': -4}. Best is trial 97 with value: 14.0.
[I 2024-11-09 15:27:09,241] Trial 167 finished with value: 86.0 and parameters: {'x_0': -2, 'x_1': -5, 'x_2': 5, 'x_3': -4, 'x_4': 4}. Best is trial 97 with value: 14.0.
[I 2024-11-09 15:27:09,502] Trial 168 finished with value: 76.0 and parameters: {'x_0': -3, 'x_1': -1, 'x_2': 5, 'x_3': 4, 'x_4': 5}. Best is trial 97 with value: 14.0.
[I 2024-11-09 15:27:09,733] Trial 169 finished with value: 16.0 and parameters: {'x_0': -1, 'x_1': -1, 'x_2': 3, 'x_3': -2, 'x_4': -1}. Best is trial 97 with value: 14.0.
[I 2024-11-09 15:27:09,963] Trial 170 finished with value: 83.0 and parameters: {'x_0': -4, 'x_1': -1, 'x_2': -5, 'x_3': 4, 'x_4': 5}. Best is trial 97 with value: 14.0.
[I 2024-11-09 15:27:10,265] Trial 171 finished with value: 68.0 and parameters: {'x_0': 3, 'x_1': -3, 'x_2': 4, 'x_3': -3, 'x_4': -5}. Best is trial 97 with value: 14.0.
[I 2024-11-09 15:27:10,542] Trial 172 finished with value: 53.0 and parameters: {'x_0': 4, 'x_1': -4, 'x_2': -2, 'x_3': -4, 'x_4': -1}. Best is trial 97 with value: 14.0.
[I 2024-11-09 15:27:10,910] Trial 173 finished with value: 70.0 and parameters: {'x_0': -4, 'x_1': -4, 'x_2': 3, 'x_3': 2, 'x_4': 5}. Best is trial 97 with value: 14.0.
[I 2024-11-09 15:27:11,284] Trial 174 finished with value: 31.0 and parameters: {'x_0': 0, 'x_1': 5, 'x_2': -2, 'x_3': -1, 'x_4': 1}. Best is trial 97 with value: 14.0.
[I 2024-11-09 15:27:11,633] Trial 175 finished with value: 53.0 and parameters: {'x_0': 1, 'x_1': -3, 'x_2': 3, 'x_3': -5, 'x_4': 3}. Best is trial 97 with value: 14.0.
[I 2024-11-09 15:27:12,074] Trial 176 finished with value: 51.0 and parameters: {'x_0': -1, 'x_1': 5, 'x_2': 0, 'x_3': -5, 'x_4': 0}. Best is trial 97 with value: 14.0.
[I 2024-11-09 15:27:12,411] Trial 177 finished with value: 35.0 and parameters: {'x_0': 1, 'x_1': 1, 'x_2': -2, 'x_3': -5, 'x_4': 2}. Best is trial 97 with value: 14.0.
[I 2024-11-09 15:27:12,773] Trial 178 finished with value: 34.0 and parameters: {'x_0': -4, 'x_1': -4, 'x_2': 0, 'x_3': -1, 'x_4': 1}. Best is trial 97 with value: 14.0.
[I 2024-11-09 15:27:13,231] Trial 179 finished with value: 55.0 and parameters: {'x_0': 1, 'x_1': 2, 'x_2': 4, 'x_3': 5, 'x_4': 3}. Best is trial 97 with value: 14.0.
[I 2024-11-09 15:27:13,451] Trial 180 finished with value: 70.0 and parameters: {'x_0': -4, 'x_1': 2, 'x_2': -5, 'x_3': -4, 'x_4': 3}. Best is trial 97 with value: 14.0.
[I 2024-11-09 15:27:13,818] Trial 181 finished with value: 22.0 and parameters: {'x_0': -1, 'x_1': -4, 'x_2': 0, 'x_3': -1, 'x_4': -2}. Best is trial 97 with value: 14.0.
[I 2024-11-09 15:27:14,051] Trial 182 finished with value: 49.0 and parameters: {'x_0': 4, 'x_1': 4, 'x_2': 2, 'x_3': 3, 'x_4': 2}. Best is trial 97 with value: 14.0.
[I 2024-11-09 15:27:14,405] Trial 183 finished with value: 50.0 and parameters: {'x_0': 5, 'x_1': 1, 'x_2': -4, 'x_3': 2, 'x_4': -2}. Best is trial 97 with value: 14.0.
[I 2024-11-09 15:27:14,706] Trial 184 finished with value: 47.0 and parameters: {'x_0': 3, 'x_1': 5, 'x_2': 0, 'x_3': -3, 'x_4': 2}. Best is trial 97 with value: 14.0.
[I 2024-11-09 15:27:14,954] Trial 185 finished with value: 22.0 and parameters: {'x_0': -1, 'x_1': 4, 'x_2': -1, 'x_3': 0, 'x_4': -2}. Best is trial 97 with value: 14.0.
[I 2024-11-09 15:27:15,475] Trial 186 finished with value: 60.0 and parameters: {'x_0': -4, 'x_1': 5, 'x_2': -1, 'x_3': 3, 'x_4': 3}. Best is trial 97 with value: 14.0.
[I 2024-11-09 15:27:15,850] Trial 187 finished with value: 91.0 and parameters: {'x_0': 5, 'x_1': 5, 'x_2': 0, 'x_3': -5, 'x_4': 4}. Best is trial 97 with value: 14.0.
[I 2024-11-09 15:27:16,234] Trial 188 finished with value: 43.0 and parameters: {'x_0': 1, 'x_1': -1, 'x_2': 4, 'x_3': -3, 'x_4': 4}. Best is trial 97 with value: 14.0.
[I 2024-11-09 15:27:16,582] Trial 189 finished with value: 17.0 and parameters: {'x_0': -2, 'x_1': 0, 'x_2': -3, 'x_3': 0, 'x_4': 2}. Best is trial 97 with value: 14.0.
[I 2024-11-09 15:27:16,864] Trial 190 finished with value: 70.0 and parameters: {'x_0': -5, 'x_1': 4, 'x_2': 2, 'x_3': -3, 'x_4': -4}. Best is trial 97 with value: 14.0.
[I 2024-11-09 15:27:17,104] Trial 191 finished with value: 53.0 and parameters: {'x_0': 3, 'x_1': -1, 'x_2': 3, 'x_3': 3, 'x_4': 5}. Best is trial 97 with value: 14.0.
[I 2024-11-09 15:27:17,331] Trial 192 finished with value: 28.0 and parameters: {'x_0': 2, 'x_1': 0, 'x_2': 2, 'x_3': 2, 'x_4': 4}. Best is trial 97 with value: 14.0.
[I 2024-11-09 15:27:17,683] Trial 193 finished with value: 98.0 and parameters: {'x_0': -4, 'x_1': -4, 'x_2': 5, 'x_3': 5, 'x_4': 4}. Best is trial 97 with value: 14.0.
[I 2024-11-09 15:27:17,997] Trial 194 finished with value: 24.0 and parameters: {'x_0': -3, 'x_1': -1, 'x_2': 2, 'x_3': 1, 'x_4': -3}. Best is trial 97 with value: 14.0.
[I 2024-11-09 15:27:18,336] Trial 195 finished with value: 75.0 and parameters: {'x_0': 0, 'x_1': -3, 'x_2': -5, 'x_3': -4, 'x_4': 5}. Best is trial 97 with value: 14.0.
[I 2024-11-09 15:27:18,839] Trial 196 finished with value: 44.0 and parameters: {'x_0': -3, 'x_1': 0, 'x_2': -1, 'x_3': 3, 'x_4': 5}. Best is trial 97 with value: 14.0.
[I 2024-11-09 15:27:19,259] Trial 197 finished with value: 34.0 and parameters: {'x_0': 0, 'x_1': 4, 'x_2': 4, 'x_3': 1, 'x_4': -1}. Best is trial 97 with value: 14.0.
[I 2024-11-09 15:27:19,585] Trial 198 finished with value: 55.0 and parameters: {'x_0': 1, 'x_1': 4, 'x_2': 2, 'x_3': -5, 'x_4': 3}. Best is trial 97 with value: 14.0.
[I 2024-11-09 15:27:19,909] Trial 199 finished with value: 50.0 and parameters: {'x_0': 4, 'x_1': 4, 'x_2': 0, 'x_3': -3, 'x_4': 3}. Best is trial 97 with value: 14.0.
[I 2024-11-09 15:27:20,274] Trial 200 finished with value: 16.0 and parameters: {'x_0': 3, 'x_1': 1, 'x_2': 1, 'x_3': 1, 'x_4': -2}. Best is trial 97 with value: 14.0.
[I 2024-11-09 15:27:20,707] Trial 201 finished with value: 70.0 and parameters: {'x_0': -4, 'x_1': -2, 'x_2': 3, 'x_3': -4, 'x_4': 5}. Best is trial 97 with value: 14.0.
[I 2024-11-09 15:27:21,028] Trial 202 finished with value: 51.0 and parameters: {'x_0': 3, 'x_1': -2, 'x_2': -3, 'x_3': -5, 'x_4': -2}. Best is trial 97 with value: 14.0.
[I 2024-11-09 15:27:21,473] Trial 203 finished with value: 60.0 and parameters: {'x_0': -3, 'x_1': 4, 'x_2': 5, 'x_3': 3, 'x_4': 1}. Best is trial 97 with value: 14.0.
[I 2024-11-09 15:27:21,903] Trial 204 finished with value: 71.0 and parameters: {'x_0': -2, 'x_1': -5, 'x_2': 4, 'x_3': 1, 'x_4': 5}. Best is trial 97 with value: 14.0.
[I 2024-11-09 15:27:22,243] Trial 205 finished with value: 6.0 and parameters: {'x_0': 1, 'x_1': 0, 'x_2': -2, 'x_3': 1, 'x_4': 0}. Best is trial 205 with value: 6.0.
[I 2024-11-09 15:27:22,542] Trial 206 finished with value: 39.0 and parameters: {'x_0': -1, 'x_1': 3, 'x_2': 2, 'x_3': -3, 'x_4': 4}. Best is trial 205 with value: 6.0.
[I 2024-11-09 15:27:22,840] Trial 207 finished with value: 60.0 and parameters: {'x_0': 0, 'x_1': 5, 'x_2': -3, 'x_3': 1, 'x_4': -5}. Best is trial 205 with value: 6.0.
[I 2024-11-09 15:27:23,301] Trial 208 finished with value: 43.0 and parameters: {'x_0': 2, 'x_1': -3, 'x_2': 2, 'x_3': -5, 'x_4': -1}. Best is trial 205 with value: 6.0.
[I 2024-11-09 15:27:23,558] Trial 209 finished with value: 44.0 and parameters: {'x_0': -3, 'x_1': -3, 'x_2': -3, 'x_3': 1, 'x_4': -4}. Best is trial 205 with value: 6.0.
[I 2024-11-09 15:27:23,857] Trial 210 finished with value: 7.0 and parameters: {'x_0': 1, 'x_1': 1, 'x_2': 0, 'x_3': 1, 'x_4': 2}. Best is trial 205 with value: 6.0.
[I 2024-11-09 15:27:24,302] Trial 211 finished with value: 52.0 and parameters: {'x_0': -5, 'x_1': 0, 'x_2': -3, 'x_3': -3, 'x_4': -3}. Best is trial 205 with value: 6.0.
[I 2024-11-09 15:27:24,555] Trial 212 finished with value: 59.0 and parameters: {'x_0': 5, 'x_1': 3, 'x_2': 0, 'x_3': 3, 'x_4': -4}. Best is trial 205 with value: 6.0.
[I 2024-11-09 15:27:24,967] Trial 213 finished with value: 79.0 and parameters: {'x_0': -4, 'x_1': 5, 'x_2': 2, 'x_3': 3, 'x_4': 5}. Best is trial 205 with value: 6.0.
[I 2024-11-09 15:27:25,516] Trial 214 finished with value: 42.0 and parameters: {'x_0': 3, 'x_1': -2, 'x_2': -2, 'x_3': -3, 'x_4': 4}. Best is trial 205 with value: 6.0.
[I 2024-11-09 15:27:25,731] Trial 215 finished with value: 31.0 and parameters: {'x_0': 1, 'x_1': 5, 'x_2': 0, 'x_3': -2, 'x_4': -1}. Best is trial 205 with value: 6.0.
[I 2024-11-09 15:27:26,013] Trial 216 finished with value: 50.0 and parameters: {'x_0': -2, 'x_1': -1, 'x_2': -2, 'x_3': -4, 'x_4': 5}. Best is trial 205 with value: 6.0.
[I 2024-11-09 15:27:26,464] Trial 217 finished with value: 28.0 and parameters: {'x_0': 1, 'x_1': -3, 'x_2': -1, 'x_3': -1, 'x_4': 4}. Best is trial 205 with value: 6.0.
[I 2024-11-09 15:27:26,839] Trial 218 finished with value: 16.0 and parameters: {'x_0': -1, 'x_1': -2, 'x_2': 1, 'x_3': -1, 'x_4': -3}. Best is trial 205 with value: 6.0.
[I 2024-11-09 15:27:27,312] Trial 219 finished with value: 27.0 and parameters: {'x_0': -1, 'x_1': 1, 'x_2': 4, 'x_3': 3, 'x_4': 0}. Best is trial 205 with value: 6.0.
[I 2024-11-09 15:27:27,640] Trial 220 finished with value: 55.0 and parameters: {'x_0': -3, 'x_1': -1, 'x_2': 4, 'x_3': -5, 'x_4': 2}. Best is trial 205 with value: 6.0.
[I 2024-11-09 15:27:28,043] Trial 221 finished with value: 64.0 and parameters: {'x_0': -5, 'x_1': 3, 'x_2': 2, 'x_3': -1, 'x_4': 5}. Best is trial 205 with value: 6.0.
[I 2024-11-09 15:27:28,466] Trial 222 finished with value: 74.0 and parameters: {'x_0': 2, 'x_1': 5, 'x_2': 4, 'x_3': 5, 'x_4': 2}. Best is trial 205 with value: 6.0.
[I 2024-11-09 15:27:29,023] Trial 223 finished with value: 42.0 and parameters: {'x_0': 4, 'x_1': 0, 'x_2': 1, 'x_3': -5, 'x_4': 0}. Best is trial 205 with value: 6.0.
[I 2024-11-09 15:27:29,328] Trial 224 finished with value: 51.0 and parameters: {'x_0': 5, 'x_1': -3, 'x_2': -2, 'x_3': -2, 'x_4': 3}. Best is trial 205 with value: 6.0.
[I 2024-11-09 15:27:29,719] Trial 225 finished with value: 39.0 and parameters: {'x_0': -5, 'x_1': 1, 'x_2': 0, 'x_3': 2, 'x_4': -3}. Best is trial 205 with value: 6.0.
[I 2024-11-09 15:27:29,999] Trial 226 finished with value: 39.0 and parameters: {'x_0': 3, 'x_1': 0, 'x_2': -5, 'x_3': 1, 'x_4': -2}. Best is trial 205 with value: 6.0.
[I 2024-11-09 15:27:30,517] Trial 227 finished with value: 55.0 and parameters: {'x_0': 2, 'x_1': 5, 'x_2': -1, 'x_3': 3, 'x_4': 4}. Best is trial 205 with value: 6.0.
[I 2024-11-09 15:27:31,051] Trial 228 finished with value: 3.0 and parameters: {'x_0': 1, 'x_1': 1, 'x_2': -1, 'x_3': 0, 'x_4': 0}. Best is trial 228 with value: 3.0.
[I 2024-11-09 15:27:31,452] Trial 229 finished with value: 46.0 and parameters: {'x_0': -1, 'x_1': 0, 'x_2': -2, 'x_3': 4, 'x_4': 5}. Best is trial 228 with value: 3.0.
[I 2024-11-09 15:27:31,867] Trial 230 finished with value: 61.0 and parameters: {'x_0': 4, 'x_1': -2, 'x_2': -5, 'x_3': 0, 'x_4': 4}. Best is trial 228 with value: 3.0.
[I 2024-11-09 15:27:32,391] Trial 231 finished with value: 37.0 and parameters: {'x_0': 4, 'x_1': 2, 'x_2': -2, 'x_3': 2, 'x_4': -3}. Best is trial 228 with value: 3.0.
[I 2024-11-09 15:27:32,787] Trial 232 finished with value: 100.0 and parameters: {'x_0': -5, 'x_1': -5, 'x_2': -3, 'x_3': 5, 'x_4': 4}. Best is trial 228 with value: 3.0.
[I 2024-11-09 15:27:33,115] Trial 233 finished with value: 26.0 and parameters: {'x_0': 3, 'x_1': -2, 'x_2': -3, 'x_3': 2, 'x_4': 0}. Best is trial 228 with value: 3.0.
[I 2024-11-09 15:27:33,689] Trial 234 finished with value: 52.0 and parameters: {'x_0': 4, 'x_1': 1, 'x_2': -3, 'x_3': 1, 'x_4': 5}. Best is trial 228 with value: 3.0.
[I 2024-11-09 15:27:34,278] Trial 235 finished with value: 88.0 and parameters: {'x_0': 5, 'x_1': -5, 'x_2': -2, 'x_3': 3, 'x_4': 5}. Best is trial 228 with value: 3.0.
[I 2024-11-09 15:27:34,548] Trial 236 finished with value: 29.0 and parameters: {'x_0': -3, 'x_1': -1, 'x_2': -3, 'x_3': -3, 'x_4': 1}. Best is trial 228 with value: 3.0.
[I 2024-11-09 15:27:34,870] Trial 237 finished with value: 37.0 and parameters: {'x_0': -5, 'x_1': 1, 'x_2': 1, 'x_3': 3, 'x_4': 1}. Best is trial 228 with value: 3.0.
[I 2024-11-09 15:27:35,161] Trial 238 finished with value: 34.0 and parameters: {'x_0': 0, 'x_1': 1, 'x_2': -5, 'x_3': 2, 'x_4': 2}. Best is trial 228 with value: 3.0.
[I 2024-11-09 15:27:35,480] Trial 239 finished with value: 56.0 and parameters: {'x_0': 2, 'x_1': 5, 'x_2': -3, 'x_3': 3, 'x_4': -3}. Best is trial 228 with value: 3.0.
[I 2024-11-09 15:27:35,822] Trial 240 finished with value: 52.0 and parameters: {'x_0': 1, 'x_1': 3, 'x_2': 1, 'x_3': 5, 'x_4': -4}. Best is trial 228 with value: 3.0.
[I 2024-11-09 15:27:36,128] Trial 241 finished with value: 45.0 and parameters: {'x_0': -4, 'x_1': 4, 'x_2': 3, 'x_3': 0, 'x_4': -2}. Best is trial 228 with value: 3.0.
[I 2024-11-09 15:27:36,545] Trial 242 finished with value: 53.0 and parameters: {'x_0': -2, 'x_1': 2, 'x_2': -5, 'x_3': -4, 'x_4': -2}. Best is trial 228 with value: 3.0.
[I 2024-11-09 15:27:36,881] Trial 243 finished with value: 23.0 and parameters: {'x_0': 0, 'x_1': -1, 'x_2': -2, 'x_3': -3, 'x_4': 3}. Best is trial 228 with value: 3.0.
[I 2024-11-09 15:27:37,322] Trial 244 finished with value: 29.0 and parameters: {'x_0': -4, 'x_1': 2, 'x_2': -2, 'x_3': 1, 'x_4': 2}. Best is trial 228 with value: 3.0.
[I 2024-11-09 15:27:37,657] Trial 245 finished with value: 17.0 and parameters: {'x_0': 0, 'x_1': 3, 'x_2': 0, 'x_3': -2, 'x_4': -2}. Best is trial 228 with value: 3.0.
[I 2024-11-09 15:27:37,931] Trial 246 finished with value: 50.0 and parameters: {'x_0': 3, 'x_1': 0, 'x_2': 0, 'x_3': 5, 'x_4': 4}. Best is trial 228 with value: 3.0.
[I 2024-11-09 15:27:38,423] Trial 247 finished with value: 24.0 and parameters: {'x_0': -3, 'x_1': -2, 'x_2': 3, 'x_3': -1, 'x_4': 1}. Best is trial 228 with value: 3.0.
[I 2024-11-09 15:27:38,781] Trial 248 finished with value: 34.0 and parameters: {'x_0': -3, 'x_1': -2, 'x_2': -4, 'x_3': 2, 'x_4': -1}. Best is trial 228 with value: 3.0.
[I 2024-11-09 15:27:39,412] Trial 249 finished with value: 26.0 and parameters: {'x_0': -4, 'x_1': -2, 'x_2': -1, 'x_3': -1, 'x_4': 2}. Best is trial 228 with value: 3.0.
[I 2024-11-09 15:27:39,899] Trial 250 finished with value: 24.0 and parameters: {'x_0': -4, 'x_1': 2, 'x_2': 0, 'x_3': 0, 'x_4': -2}. Best is trial 228 with value: 3.0.
[I 2024-11-09 15:27:40,262] Trial 251 finished with value: 19.0 and parameters: {'x_0': 0, 'x_1': -1, 'x_2': 0, 'x_3': -3, 'x_4': 3}. Best is trial 228 with value: 3.0.
[I 2024-11-09 15:27:40,648] Trial 252 finished with value: 77.0 and parameters: {'x_0': -4, 'x_1': -4, 'x_2': -4, 'x_3': -5, 'x_4': -2}. Best is trial 228 with value: 3.0.
[I 2024-11-09 15:27:40,980] Trial 253 finished with value: 45.0 and parameters: {'x_0': 1, 'x_1': 3, 'x_2': -1, 'x_3': 3, 'x_4': 5}. Best is trial 228 with value: 3.0.
[I 2024-11-09 15:27:41,220] Trial 254 finished with value: 55.0 and parameters: {'x_0': -1, 'x_1': 2, 'x_2': -5, 'x_3': 4, 'x_4': -3}. Best is trial 228 with value: 3.0.
[I 2024-11-09 15:27:41,504] Trial 255 finished with value: 91.0 and parameters: {'x_0': -4, 'x_1': -3, 'x_2': -4, 'x_3': -5, 'x_4': 5}. Best is trial 228 with value: 3.0.
[I 2024-11-09 15:27:41,922] Trial 256 finished with value: 84.0 and parameters: {'x_0': -3, 'x_1': -5, 'x_2': 4, 'x_3': -5, 'x_4': 3}. Best is trial 228 with value: 3.0.
[I 2024-11-09 15:27:42,461] Trial 257 finished with value: 74.0 and parameters: {'x_0': 4, 'x_1': -5, 'x_2': -4, 'x_3': 4, 'x_4': -1}. Best is trial 228 with value: 3.0.
[I 2024-11-09 15:27:43,139] Trial 258 finished with value: 22.0 and parameters: {'x_0': 1, 'x_1': 3, 'x_2': -2, 'x_3': 2, 'x_4': -2}. Best is trial 228 with value: 3.0.
[I 2024-11-09 15:27:43,459] Trial 259 finished with value: 55.0 and parameters: {'x_0': 5, 'x_1': 0, 'x_2': -1, 'x_3': 2, 'x_4': 5}. Best is trial 228 with value: 3.0.
[I 2024-11-09 15:27:43,737] Trial 260 finished with value: 31.0 and parameters: {'x_0': 4, 'x_1': -1, 'x_2': 1, 'x_3': 3, 'x_4': 2}. Best is trial 228 with value: 3.0.
[I 2024-11-09 15:27:44,470] Trial 261 finished with value: 64.0 and parameters: {'x_0': -5, 'x_1': -5, 'x_2': 2, 'x_3': -1, 'x_4': -3}. Best is trial 228 with value: 3.0.
[I 2024-11-09 15:27:44,891] Trial 262 finished with value: 44.0 and parameters: {'x_0': -3, 'x_1': -1, 'x_2': -5, 'x_3': 0, 'x_4': 3}. Best is trial 228 with value: 3.0.
[I 2024-11-09 15:27:45,259] Trial 263 finished with value: 75.0 and parameters: {'x_0': 4, 'x_1': -5, 'x_2': 3, 'x_3': 0, 'x_4': 5}. Best is trial 228 with value: 3.0.
[I 2024-11-09 15:27:45,577] Trial 264 finished with value: 109.0 and parameters: {'x_0': -5, 'x_1': 5, 'x_2': 5, 'x_3': -5, 'x_4': 3}. Best is trial 228 with value: 3.0.
[I 2024-11-09 15:27:45,990] Trial 265 finished with value: 59.0 and parameters: {'x_0': -4, 'x_1': -3, 'x_2': -3, 'x_3': -5, 'x_4': 0}. Best is trial 228 with value: 3.0.
[I 2024-11-09 15:27:46,308] Trial 266 finished with value: 62.0 and parameters: {'x_0': -4, 'x_1': 2, 'x_2': -4, 'x_3': 5, 'x_4': 1}. Best is trial 228 with value: 3.0.
[I 2024-11-09 15:27:46,664] Trial 267 finished with value: 42.0 and parameters: {'x_0': -3, 'x_1': 1, 'x_2': -4, 'x_3': 0, 'x_4': 4}. Best is trial 228 with value: 3.0.
[I 2024-11-09 15:27:47,162] Trial 268 finished with value: 36.0 and parameters: {'x_0': -1, 'x_1': 3, 'x_2': -1, 'x_3': 0, 'x_4': -5}. Best is trial 228 with value: 3.0.
[I 2024-11-09 15:27:47,592] Trial 269 finished with value: 30.0 and parameters: {'x_0': 0, 'x_1': 5, 'x_2': -1, 'x_3': 0, 'x_4': -2}. Best is trial 228 with value: 3.0.
[I 2024-11-09 15:27:47,888] Trial 270 finished with value: 43.0 and parameters: {'x_0': 1, 'x_1': 0, 'x_2': 5, 'x_3': 4, 'x_4': 1}. Best is trial 228 with value: 3.0.
[I 2024-11-09 15:27:48,113] Trial 271 finished with value: 51.0 and parameters: {'x_0': 3, 'x_1': 2, 'x_2': -2, 'x_3': 5, 'x_4': -3}. Best is trial 228 with value: 3.0.
[I 2024-11-09 15:27:48,514] Trial 272 finished with value: 77.0 and parameters: {'x_0': -1, 'x_1': 5, 'x_2': -5, 'x_3': -1, 'x_4': 5}. Best is trial 228 with value: 3.0.
[I 2024-11-09 15:27:49,061] Trial 273 finished with value: 37.0 and parameters: {'x_0': -2, 'x_1': 4, 'x_2': -3, 'x_3': -2, 'x_4': 2}. Best is trial 228 with value: 3.0.
[I 2024-11-09 15:27:49,557] Trial 274 finished with value: 46.0 and parameters: {'x_0': -5, 'x_1': 4, 'x_2': 2, 'x_3': 0, 'x_4': 1}. Best is trial 228 with value: 3.0.
[I 2024-11-09 15:27:50,046] Trial 275 finished with value: 63.0 and parameters: {'x_0': 3, 'x_1': -2, 'x_2': -5, 'x_3': -5, 'x_4': 0}. Best is trial 228 with value: 3.0.
[I 2024-11-09 15:27:50,360] Trial 276 finished with value: 51.0 and parameters: {'x_0': -2, 'x_1': 3, 'x_2': 5, 'x_3': -2, 'x_4': -3}. Best is trial 228 with value: 3.0.
[I 2024-11-09 15:27:50,755] Trial 277 finished with value: 83.0 and parameters: {'x_0': -5, 'x_1': -4, 'x_2': 4, 'x_3': -1, 'x_4': 5}. Best is trial 228 with value: 3.0.
[I 2024-11-09 15:27:51,121] Trial 278 finished with value: 37.0 and parameters: {'x_0': -1, 'x_1': -3, 'x_2': 5, 'x_3': 1, 'x_4': 1}. Best is trial 228 with value: 3.0.
[I 2024-11-09 15:27:51,499] Trial 279 finished with value: 30.0 and parameters: {'x_0': -1, 'x_1': 0, 'x_2': 2, 'x_3': 4, 'x_4': -3}. Best is trial 228 with value: 3.0.
[I 2024-11-09 15:27:51,870] Trial 280 finished with value: 29.0 and parameters: {'x_0': -4, 'x_1': -1, 'x_2': -2, 'x_3': 2, 'x_4': -2}. Best is trial 228 with value: 3.0.
[I 2024-11-09 15:27:52,365] Trial 281 finished with value: 34.0 and parameters: {'x_0': 3, 'x_1': 2, 'x_2': 2, 'x_3': 4, 'x_4': -1}. Best is trial 228 with value: 3.0.
[I 2024-11-09 15:27:52,786] Trial 282 finished with value: 8.0 and parameters: {'x_0': -1, 'x_1': -1, 'x_2': -1, 'x_3': 1, 'x_4': 2}. Best is trial 228 with value: 3.0.
[I 2024-11-09 15:27:53,163] Trial 283 finished with value: 52.0 and parameters: {'x_0': 5, 'x_1': -1, 'x_2': -4, 'x_3': -1, 'x_4': -3}. Best is trial 228 with value: 3.0.
[I 2024-11-09 15:27:53,452] Trial 284 finished with value: 38.0 and parameters: {'x_0': 1, 'x_1': 2, 'x_2': -1, 'x_3': -4, 'x_4': 4}. Best is trial 228 with value: 3.0.
[I 2024-11-09 15:27:53,839] Trial 285 finished with value: 60.0 and parameters: {'x_0': 0, 'x_1': -5, 'x_2': 1, 'x_3': -5, 'x_4': -3}. Best is trial 228 with value: 3.0.
[I 2024-11-09 15:27:54,277] Trial 286 finished with value: 55.0 and parameters: {'x_0': 5, 'x_1': 2, 'x_2': -3, 'x_3': -4, 'x_4': 1}. Best is trial 228 with value: 3.0.
[I 2024-11-09 15:27:54,657] Trial 287 finished with value: 58.0 and parameters: {'x_0': 5, 'x_1': -3, 'x_2': 4, 'x_3': 2, 'x_4': 2}. Best is trial 228 with value: 3.0.
[I 2024-11-09 15:27:55,076] Trial 288 finished with value: 92.0 and parameters: {'x_0': -5, 'x_1': 4, 'x_2': 5, 'x_3': 1, 'x_4': 5}. Best is trial 228 with value: 3.0.
[I 2024-11-09 15:27:55,348] Trial 289 finished with value: 39.0 and parameters: {'x_0': -3, 'x_1': 0, 'x_2': 1, 'x_3': 5, 'x_4': 2}. Best is trial 228 with value: 3.0.
[I 2024-11-09 15:27:55,733] Trial 290 finished with value: 100.0 and parameters: {'x_0': -4, 'x_1': 5, 'x_2': -5, 'x_3': 3, 'x_4': 5}. Best is trial 228 with value: 3.0.
[I 2024-11-09 15:27:56,038] Trial 291 finished with value: 47.0 and parameters: {'x_0': 2, 'x_1': 5, 'x_2': 1, 'x_3': -4, 'x_4': 1}. Best is trial 228 with value: 3.0.
[I 2024-11-09 15:27:56,547] Trial 292 finished with value: 46.0 and parameters: {'x_0': -2, 'x_1': 1, 'x_2': 4, 'x_3': -3, 'x_4': 4}. Best is trial 228 with value: 3.0.
[I 2024-11-09 15:27:56,929] Trial 293 finished with value: 79.0 and parameters: {'x_0': -2, 'x_1': -4, 'x_2': 5, 'x_3': 3, 'x_4': -5}. Best is trial 228 with value: 3.0.
[I 2024-11-09 15:27:57,397] Trial 294 finished with value: 73.0 and parameters: {'x_0': -4, 'x_1': 4, 'x_2': 5, 'x_3': 0, 'x_4': -4}. Best is trial 228 with value: 3.0.
[I 2024-11-09 15:27:57,842] Trial 295 finished with value: 50.0 and parameters: {'x_0': 1, 'x_1': 2, 'x_2': 2, 'x_3': 5, 'x_4': 4}. Best is trial 228 with value: 3.0.
[I 2024-11-09 15:27:58,149] Trial 296 finished with value: 86.0 and parameters: {'x_0': -2, 'x_1': -4, 'x_2': 5, 'x_3': 5, 'x_4': 4}. Best is trial 228 with value: 3.0.
[I 2024-11-09 15:27:58,658] Trial 297 finished with value: 33.0 and parameters: {'x_0': 4, 'x_1': 0, 'x_2': 4, 'x_3': 1, 'x_4': 0}. Best is trial 228 with value: 3.0.
[I 2024-11-09 15:27:58,934] Trial 298 finished with value: 83.0 and parameters: {'x_0': -5, 'x_1': -5, 'x_2': -2, 'x_3': -5, 'x_4': -2}. Best is trial 228 with value: 3.0.
[I 2024-11-09 15:27:59,435] Trial 299 finished with value: 69.0 and parameters: {'x_0': 3, 'x_1': 3, 'x_2': 1, 'x_3': 5, 'x_4': -5}. Best is trial 228 with value: 3.0.
2024-11-09 15:27:59,436 - INFO - Best value: 3.0
2024-11-09 15:27:59,438 - INFO - Best params: {'x_0': 1, 'x_1': 1, 'x_2': -1, 'x_3': 0, 'x_4': 0}
